This file contains any messages produced by compilers while
running configure, to aid debugging if configure makes a mistake.

It was created by wdl configure 0.2, which was
generated by GNU Autoconf 2.69.  Invocation command line was

  $ /home/wiky/Documents/CODE/wdl/configure --enable-maintainer-mode CFLAGS=-g -O0 CXXFLAGS=-g -O0 JFLAGS=-g -O0 FFLAGS=-g -O0

## --------- ##
## Platform. ##
## --------- ##

hostname = thunder
uname -m = x86_64
uname -r = 3.11.10-301.fc20.x86_64
uname -s = Linux
uname -v = #1 SMP Thu Dec 5 14:01:17 UTC 2013

/usr/bin/uname -p = x86_64
/bin/uname -X     = unknown

/bin/arch              = x86_64
/usr/bin/arch -k       = unknown
/usr/convex/getsysinfo = unknown
/usr/bin/hostinfo      = unknown
/bin/machine           = unknown
/usr/bin/oslevel       = unknown
/bin/universe          = unknown

PATH: /usr/local/bin
PATH: /usr/bin
PATH: /bin
PATH: /usr/local/sbin
PATH: /usr/sbin
PATH: /home/wiky/.local/bin
PATH: /home/wiky/bin


## ----------- ##
## Core tests. ##
## ----------- ##

configure:2313: checking for a BSD-compatible install
configure:2381: result: /usr/bin/install -c
configure:2392: checking whether build environment is sane
configure:2447: result: yes
configure:2598: checking for a thread-safe mkdir -p
configure:2637: result: /usr/bin/mkdir -p
configure:2644: checking for gawk
configure:2660: found /usr/bin/gawk
configure:2671: result: gawk
configure:2682: checking whether make sets $(MAKE)
configure:2704: result: yes
configure:2733: checking whether make supports nested variables
configure:2750: result: yes
configure:2846: checking whether make supports nested variables
configure:2863: result: yes
configure:2923: checking for gcc
configure:2939: found /usr/bin/gcc
configure:2950: result: gcc
configure:3179: checking for C compiler version
configure:3188: gcc --version >&5
gcc (GCC) 4.8.2 20131212 (Red Hat 4.8.2-7)
Copyright (C) 2013 Free Software Foundation, Inc.
This is free software; see the source for copying conditions.  There is NO
warranty; not even for MERCHANTABILITY or FITNESS FOR A PARTICULAR PURPOSE.

configure:3199: $? = 0
configure:3188: gcc -v >&5
Using built-in specs.
COLLECT_GCC=gcc
COLLECT_LTO_WRAPPER=/usr/libexec/gcc/x86_64-redhat-linux/4.8.2/lto-wrapper
Target: x86_64-redhat-linux
Configured with: ../configure --prefix=/usr --mandir=/usr/share/man --infodir=/usr/share/info --with-bugurl=http://bugzilla.redhat.com/bugzilla --enable-bootstrap --enable-shared --enable-threads=posix --enable-checking=release --with-system-zlib --enable-__cxa_atexit --disable-libunwind-exceptions --enable-gnu-unique-object --enable-linker-build-id --with-linker-hash-style=gnu --enable-languages=c,c++,objc,obj-c++,java,fortran,ada,go,lto --enable-plugin --enable-initfini-array --enable-java-awt=gtk --disable-dssi --with-java-home=/usr/lib/jvm/java-1.5.0-gcj-1.5.0.0/jre --enable-libgcj-multifile --enable-java-maintainer-mode --with-ecj-jar=/usr/share/java/eclipse-ecj.jar --disable-libjava-multilib --with-isl=/builddir/build/BUILD/gcc-4.8.2-20131212/obj-x86_64-redhat-linux/isl-install --with-cloog=/builddir/build/BUILD/gcc-4.8.2-20131212/obj-x86_64-redhat-linux/cloog-install --with-tune=generic --with-arch_32=i686 --build=x86_64-redhat-linux
Thread model: posix
gcc version 4.8.2 20131212 (Red Hat 4.8.2-7) (GCC) 
configure:3199: $? = 0
configure:3188: gcc -V >&5
gcc: error: unrecognized command line option '-V'
gcc: fatal error: no input files
compilation terminated.
configure:3199: $? = 4
configure:3188: gcc -qversion >&5
gcc: error: unrecognized command line option '-qversion'
gcc: fatal error: no input files
compilation terminated.
configure:3199: $? = 4
configure:3219: checking whether the C compiler works
configure:3241: gcc -g -O0   conftest.c  >&5
configure:3245: $? = 0
configure:3293: result: yes
configure:3296: checking for C compiler default output file name
configure:3298: result: a.out
configure:3304: checking for suffix of executables
configure:3311: gcc -o conftest -g -O0   conftest.c  >&5
configure:3315: $? = 0
configure:3337: result: 
configure:3359: checking whether we are cross compiling
configure:3367: gcc -o conftest -g -O0   conftest.c  >&5
configure:3371: $? = 0
configure:3378: ./conftest
configure:3382: $? = 0
configure:3397: result: no
configure:3402: checking for suffix of object files
configure:3424: gcc -c -g -O0  conftest.c >&5
configure:3428: $? = 0
configure:3449: result: o
configure:3453: checking whether we are using the GNU C compiler
configure:3472: gcc -c -g -O0  conftest.c >&5
configure:3472: $? = 0
configure:3481: result: yes
configure:3490: checking whether gcc accepts -g
configure:3510: gcc -c -g  conftest.c >&5
configure:3510: $? = 0
configure:3551: result: yes
configure:3568: checking for gcc option to accept ISO C89
configure:3631: gcc  -c -g -O0  conftest.c >&5
configure:3631: $? = 0
configure:3644: result: none needed
configure:3675: checking for style of include used by make
configure:3703: result: GNU
configure:3729: checking dependency style of gcc
configure:3840: result: gcc3
configure:3860: checking whether NLS is requested
configure:3869: result: yes
configure:3888: checking for intltool >= 0.35.0
configure:3890: result: 0.50.2 found
configure:3898: checking for intltool-update
configure:3916: found /usr/bin/intltool-update
configure:3928: result: /usr/bin/intltool-update
configure:3938: checking for intltool-merge
configure:3956: found /usr/bin/intltool-merge
configure:3968: result: /usr/bin/intltool-merge
configure:3978: checking for intltool-extract
configure:3996: found /usr/bin/intltool-extract
configure:4008: result: /usr/bin/intltool-extract
configure:4162: checking for xgettext
configure:4180: found /usr/bin/xgettext
configure:4192: result: /usr/bin/xgettext
configure:4202: checking for msgmerge
configure:4220: found /usr/bin/msgmerge
configure:4232: result: /usr/bin/msgmerge
configure:4242: checking for msgfmt
configure:4260: found /usr/bin/msgfmt
configure:4272: result: /usr/bin/msgfmt
configure:4282: checking for gmsgfmt
configure:4313: result: /usr/bin/msgfmt
configure:4333: checking for perl
configure:4351: found /usr/bin/perl
configure:4363: result: /usr/bin/perl
configure:4374: checking for perl >= 5.8.1
configure:4381: result: 5.18.2
configure:4385: checking for XML::Parser
configure:4388: result: ok
configure:4413: gcc -o conftest -g -O0   conftest.c  >&5
configure:4413: $? = 0
configure:4453: checking how to run the C preprocessor
configure:4484: gcc -E  conftest.c
configure:4484: $? = 0
configure:4498: gcc -E  conftest.c
conftest.c:12:28: fatal error: ac_nonexistent.h: No such file or directory
 #include <ac_nonexistent.h>
                            ^
compilation terminated.
configure:4498: $? = 1
configure: failed program was:
| /* confdefs.h */
| #define PACKAGE_NAME "wdl"
| #define PACKAGE_TARNAME "wdl"
| #define PACKAGE_VERSION "0.2"
| #define PACKAGE_STRING "wdl 0.2"
| #define PACKAGE_BUGREPORT ""
| #define PACKAGE_URL ""
| #define PACKAGE "wdl"
| #define VERSION "0.2"
| #define GETTEXT_PACKAGE "wdl"
| /* end confdefs.h.  */
| #include <ac_nonexistent.h>
configure:4523: result: gcc -E
configure:4543: gcc -E  conftest.c
configure:4543: $? = 0
configure:4557: gcc -E  conftest.c
conftest.c:12:28: fatal error: ac_nonexistent.h: No such file or directory
 #include <ac_nonexistent.h>
                            ^
compilation terminated.
configure:4557: $? = 1
configure: failed program was:
| /* confdefs.h */
| #define PACKAGE_NAME "wdl"
| #define PACKAGE_TARNAME "wdl"
| #define PACKAGE_VERSION "0.2"
| #define PACKAGE_STRING "wdl 0.2"
| #define PACKAGE_BUGREPORT ""
| #define PACKAGE_URL ""
| #define PACKAGE "wdl"
| #define VERSION "0.2"
| #define GETTEXT_PACKAGE "wdl"
| /* end confdefs.h.  */
| #include <ac_nonexistent.h>
configure:4586: checking for grep that handles long lines and -e
configure:4644: result: /usr/bin/grep
configure:4649: checking for egrep
configure:4711: result: /usr/bin/grep -E
configure:4716: checking for ANSI C header files
configure:4736: gcc -c -g -O0  conftest.c >&5
configure:4736: $? = 0
configure:4809: gcc -o conftest -g -O0   conftest.c  >&5
configure:4809: $? = 0
configure:4809: ./conftest
configure:4809: $? = 0
configure:4820: result: yes
configure:4833: checking for sys/types.h
configure:4833: gcc -c -g -O0  conftest.c >&5
configure:4833: $? = 0
configure:4833: result: yes
configure:4833: checking for sys/stat.h
configure:4833: gcc -c -g -O0  conftest.c >&5
configure:4833: $? = 0
configure:4833: result: yes
configure:4833: checking for stdlib.h
configure:4833: gcc -c -g -O0  conftest.c >&5
configure:4833: $? = 0
configure:4833: result: yes
configure:4833: checking for string.h
configure:4833: gcc -c -g -O0  conftest.c >&5
configure:4833: $? = 0
configure:4833: result: yes
configure:4833: checking for memory.h
configure:4833: gcc -c -g -O0  conftest.c >&5
configure:4833: $? = 0
configure:4833: result: yes
configure:4833: checking for strings.h
configure:4833: gcc -c -g -O0  conftest.c >&5
configure:4833: $? = 0
configure:4833: result: yes
configure:4833: checking for inttypes.h
configure:4833: gcc -c -g -O0  conftest.c >&5
configure:4833: $? = 0
configure:4833: result: yes
configure:4833: checking for stdint.h
configure:4833: gcc -c -g -O0  conftest.c >&5
configure:4833: $? = 0
configure:4833: result: yes
configure:4833: checking for unistd.h
configure:4833: gcc -c -g -O0  conftest.c >&5
configure:4833: $? = 0
configure:4833: result: yes
configure:4848: checking locale.h usability
configure:4848: gcc -c -g -O0  conftest.c >&5
configure:4848: $? = 0
configure:4848: result: yes
configure:4848: checking locale.h presence
configure:4848: gcc -E  conftest.c
configure:4848: $? = 0
configure:4848: result: yes
configure:4848: checking for locale.h
configure:4848: result: yes
configure:4859: checking for LC_MESSAGES
configure:4875: gcc -o conftest -g -O0   conftest.c  >&5
configure:4875: $? = 0
configure:4883: result: yes
configure:4900: checking libintl.h usability
configure:4900: gcc -c -g -O0  conftest.c >&5
configure:4900: $? = 0
configure:4900: result: yes
configure:4900: checking libintl.h presence
configure:4900: gcc -E  conftest.c
configure:4900: $? = 0
configure:4900: result: yes
configure:4900: checking for libintl.h
configure:4900: result: yes
configure:4908: checking for ngettext in libc
configure:4926: gcc -o conftest -g -O0   conftest.c  >&5
configure:4926: $? = 0
configure:4935: result: yes
configure:4939: checking for dgettext in libc
configure:4957: gcc -o conftest -g -O0   conftest.c  >&5
configure:4957: $? = 0
configure:4966: result: yes
configure:4973: checking for bind_textdomain_codeset
configure:4973: gcc -o conftest -g -O0   conftest.c  >&5
configure:4973: $? = 0
configure:4973: result: yes
configure:5249: checking for msgfmt
configure:5276: result: /usr/bin/msgfmt
configure:5287: checking for dcgettext
configure:5287: gcc -o conftest -g -O0   conftest.c   >&5
conftest.c:49:6: warning: conflicting types for built-in function 'dcgettext' [enabled by default]
 char dcgettext ();
      ^
configure:5287: $? = 0
configure:5287: result: yes
configure:5297: checking if msgfmt accepts -c
configure:5312: $MSGFMT -c -o /dev/null conftest.foo
conftest.foo:3: warning: header field 'Language' missing in header
configure:5315: $? = 0
configure:5317: result: yes
configure:5327: checking for gmsgfmt
configure:5358: result: /usr/bin/msgfmt
configure:5368: checking for xgettext
configure:5395: result: /usr/bin/xgettext
configure:5414: gcc -o conftest -g -O0   conftest.c   >&5
configure:5414: $? = 0
configure:5585: checking build system type
configure:5599: result: x86_64-unknown-linux-gnu
configure:5619: checking host system type
configure:5632: result: x86_64-unknown-linux-gnu
configure:5673: checking how to print strings
configure:5700: result: printf
configure:5721: checking for a sed that does not truncate output
configure:5785: result: /usr/bin/sed
configure:5803: checking for fgrep
configure:5865: result: /usr/bin/grep -F
configure:5900: checking for ld used by gcc
configure:5967: result: /usr/bin/ld
configure:5974: checking if the linker (/usr/bin/ld) is GNU ld
configure:5989: result: yes
configure:6001: checking for BSD- or MS-compatible name lister (nm)
configure:6050: result: /usr/bin/nm -B
configure:6180: checking the name lister (/usr/bin/nm -B) interface
configure:6187: gcc -c -g -O0  conftest.c >&5
configure:6190: /usr/bin/nm -B "conftest.o"
configure:6193: output
0000000000000000 B some_variable
configure:6200: result: BSD nm
configure:6203: checking whether ln -s works
configure:6207: result: yes
configure:6215: checking the maximum length of command line arguments
configure:6345: result: 1572864
configure:6362: checking whether the shell understands some XSI constructs
configure:6372: result: yes
configure:6376: checking whether the shell understands "+="
configure:6382: result: yes
configure:6417: checking how to convert x86_64-unknown-linux-gnu file names to x86_64-unknown-linux-gnu format
configure:6457: result: func_convert_file_noop
configure:6464: checking how to convert x86_64-unknown-linux-gnu file names to toolchain format
configure:6484: result: func_convert_file_noop
configure:6491: checking for /usr/bin/ld option to reload object files
configure:6498: result: -r
configure:6572: checking for objdump
configure:6588: found /usr/bin/objdump
configure:6599: result: objdump
configure:6631: checking how to recognize dependent libraries
configure:6833: result: pass_all
configure:6918: checking for dlltool
configure:6948: result: no
configure:6978: checking how to associate runtime and link libraries
configure:7005: result: printf %s\n
configure:7065: checking for ar
configure:7081: found /usr/bin/ar
configure:7092: result: ar
configure:7129: checking for archiver @FILE support
configure:7146: gcc -c -g -O0  conftest.c >&5
configure:7146: $? = 0
configure:7149: ar cru libconftest.a @conftest.lst >&5
configure:7152: $? = 0
configure:7157: ar cru libconftest.a @conftest.lst >&5
ar: conftest.o: No such file or directory
configure:7160: $? = 1
configure:7172: result: @
configure:7230: checking for strip
configure:7246: found /usr/bin/strip
configure:7257: result: strip
configure:7329: checking for ranlib
configure:7345: found /usr/bin/ranlib
configure:7356: result: ranlib
configure:7458: checking command to parse /usr/bin/nm -B output from gcc object
configure:7578: gcc -c -g -O0  conftest.c >&5
configure:7581: $? = 0
configure:7585: /usr/bin/nm -B conftest.o \| sed -n -e 's/^.*[ ]\([ABCDGIRSTW][ABCDGIRSTW]*\)[ ][ ]*\([_A-Za-z][_A-Za-z0-9]*\)$/\1 \2 \2/p' | sed '/ __gnu_lto/d' \> conftest.nm
configure:7588: $? = 0
configure:7654: gcc -o conftest -g -O0   conftest.c conftstm.o >&5
configure:7657: $? = 0
configure:7695: result: ok
configure:7732: checking for sysroot
configure:7762: result: no
configure:7839: gcc -c -g -O0  conftest.c >&5
configure:7842: $? = 0
configure:8024: checking for mt
configure:8054: result: no
configure:8074: checking if : is a manifest tool
configure:8080: : '-?'
configure:8088: result: no
configure:8727: checking for dlfcn.h
configure:8727: gcc -c -g -O0  conftest.c >&5
configure:8727: $? = 0
configure:8727: result: yes
configure:8933: checking for objdir
configure:8948: result: .libs
configure:9215: checking if gcc supports -fno-rtti -fno-exceptions
configure:9233: gcc -c -g -O0  -fno-rtti -fno-exceptions conftest.c >&5
cc1: warning: command line option '-fno-rtti' is valid for C++/ObjC++ but not for C [enabled by default]
configure:9237: $? = 0
configure:9250: result: no
configure:9577: checking for gcc option to produce PIC
configure:9584: result: -fPIC -DPIC
configure:9592: checking if gcc PIC flag -fPIC -DPIC works
configure:9610: gcc -c -g -O0  -fPIC -DPIC -DPIC conftest.c >&5
configure:9614: $? = 0
configure:9627: result: yes
configure:9656: checking if gcc static flag -static works
configure:9684: result: no
configure:9699: checking if gcc supports -c -o file.o
configure:9720: gcc -c -g -O0  -o out/conftest2.o conftest.c >&5
configure:9724: $? = 0
configure:9746: result: yes
configure:9754: checking if gcc supports -c -o file.o
configure:9801: result: yes
configure:9834: checking whether the gcc linker (/usr/bin/ld -m elf_x86_64) supports shared libraries
configure:10987: result: yes
configure:11024: checking whether -lc should be explicitly linked in
configure:11032: gcc -c -g -O0  conftest.c >&5
configure:11035: $? = 0
configure:11050: gcc -shared  -fPIC -DPIC conftest.o  -v -Wl,-soname -Wl,conftest -o conftest 2\>\&1 \| /usr/bin/grep  -lc  \>/dev/null 2\>\&1
configure:11053: $? = 0
configure:11067: result: no
configure:11227: checking dynamic linker characteristics
configure:11738: gcc -o conftest -g -O0   -Wl,-rpath -Wl,/foo conftest.c  >&5
configure:11738: $? = 0
configure:11964: result: GNU/Linux ld.so
configure:12071: checking how to hardcode library paths into programs
configure:12096: result: immediate
configure:12636: checking whether stripping libraries is possible
configure:12641: result: yes
configure:12676: checking if libtool supports shared libraries
configure:12678: result: yes
configure:12681: checking whether to build shared libraries
configure:12702: result: yes
configure:12705: checking whether to build static libraries
configure:12709: result: yes
configure:12803: checking for pkg-config
configure:12821: found /usr/bin/pkg-config
configure:12833: result: /usr/bin/pkg-config
configure:12858: checking pkg-config is at least version 0.9.0
configure:12861: result: yes
configure:12871: checking for WDL
configure:12882: $PKG_CONFIG --exists --print-errors "zlib
libevent
libcrypto
libcurl
gtk+-3.0 "
configure:12889: $? = 0
configure:12911: $PKG_CONFIG --exists --print-errors "zlib
libevent
libcrypto
libcurl
gtk+-3.0 "
configure:12918: $? = 0
configure:12992: result: yes
configure:13111: checking that generated files are newer than configure
configure:13117: result: done
configure:13144: creating ./config.status

## ---------------------- ##
## Running config.status. ##
## ---------------------- ##

This file was extended by wdl config.status 0.2, which was
generated by GNU Autoconf 2.69.  Invocation command line was

  CONFIG_FILES    = 
  CONFIG_HEADERS  = 
  CONFIG_LINKS    = 
  CONFIG_COMMANDS = 
  $ ./config.status 

on thunder

config.status:1170: creating Makefile
config.status:1170: creating src/Makefile
config.status:1170: creating po/Makefile.in
config.status:1170: creating src/libtransmission/Makefile
config.status:1170: creating data/Makefile
config.status:1170: creating config.h
config.status:1336: config.h is unchanged
config.status:1384: executing depfiles commands
config.status:1384: executing default-1 commands
config.status:1384: executing libtool commands
config.status:1384: executing po/stamp-it commands
configure:15394: WARNING: unrecognized options: --enable-maintainer-mode

## ---------------- ##
## Cache variables. ##
## ---------------- ##

ac_cv_build=x86_64-unknown-linux-gnu
ac_cv_c_compiler_gnu=yes
ac_cv_env_CC_set=
ac_cv_env_CC_value=
ac_cv_env_CFLAGS_set=set
ac_cv_env_CFLAGS_value='-g -O0'
ac_cv_env_CPPFLAGS_set=
ac_cv_env_CPPFLAGS_value=
ac_cv_env_CPP_set=
ac_cv_env_CPP_value=
ac_cv_env_LDFLAGS_set=
ac_cv_env_LDFLAGS_value=
ac_cv_env_LIBS_set=
ac_cv_env_LIBS_value=
ac_cv_env_PKG_CONFIG_LIBDIR_set=
ac_cv_env_PKG_CONFIG_LIBDIR_value=
ac_cv_env_PKG_CONFIG_PATH_set=
ac_cv_env_PKG_CONFIG_PATH_value=
ac_cv_env_PKG_CONFIG_set=
ac_cv_env_PKG_CONFIG_value=
ac_cv_env_WDL_CFLAGS_set=
ac_cv_env_WDL_CFLAGS_value=
ac_cv_env_WDL_LIBS_set=
ac_cv_env_WDL_LIBS_value=
ac_cv_env_build_alias_set=
ac_cv_env_build_alias_value=
ac_cv_env_host_alias_set=
ac_cv_env_host_alias_value=
ac_cv_env_target_alias_set=
ac_cv_env_target_alias_value=
ac_cv_func_bind_textdomain_codeset=yes
ac_cv_func_dcgettext=yes
ac_cv_header_dlfcn_h=yes
ac_cv_header_inttypes_h=yes
ac_cv_header_libintl_h=yes
ac_cv_header_locale_h=yes
ac_cv_header_memory_h=yes
ac_cv_header_stdc=yes
ac_cv_header_stdint_h=yes
ac_cv_header_stdlib_h=yes
ac_cv_header_string_h=yes
ac_cv_header_strings_h=yes
ac_cv_header_sys_stat_h=yes
ac_cv_header_sys_types_h=yes
ac_cv_header_unistd_h=yes
ac_cv_host=x86_64-unknown-linux-gnu
ac_cv_objext=o
ac_cv_path_EGREP='/usr/bin/grep -E'
ac_cv_path_FGREP='/usr/bin/grep -F'
ac_cv_path_GMSGFMT=/usr/bin/msgfmt
ac_cv_path_GREP=/usr/bin/grep
ac_cv_path_INTLTOOL_EXTRACT=/usr/bin/intltool-extract
ac_cv_path_INTLTOOL_MERGE=/usr/bin/intltool-merge
ac_cv_path_INTLTOOL_PERL=/usr/bin/perl
ac_cv_path_INTLTOOL_UPDATE=/usr/bin/intltool-update
ac_cv_path_MSGFMT=/usr/bin/msgfmt
ac_cv_path_MSGMERGE=/usr/bin/msgmerge
ac_cv_path_SED=/usr/bin/sed
ac_cv_path_XGETTEXT=/usr/bin/xgettext
ac_cv_path_ac_pt_PKG_CONFIG=/usr/bin/pkg-config
ac_cv_path_install='/usr/bin/install -c'
ac_cv_path_mkdir=/usr/bin/mkdir
ac_cv_prog_AWK=gawk
ac_cv_prog_CPP='gcc -E'
ac_cv_prog_ac_ct_AR=ar
ac_cv_prog_ac_ct_CC=gcc
ac_cv_prog_ac_ct_OBJDUMP=objdump
ac_cv_prog_ac_ct_RANLIB=ranlib
ac_cv_prog_ac_ct_STRIP=strip
ac_cv_prog_cc_c89=
ac_cv_prog_cc_g=yes
ac_cv_prog_make_make_set=yes
am_cv_CC_dependencies_compiler_type=gcc3
am_cv_make_support_nested_variables=yes
am_cv_val_LC_MESSAGES=yes
gt_cv_func_dgettext_libc=yes
gt_cv_func_dgettext_libintl=no
gt_cv_func_ngettext_libc=yes
gt_cv_have_gettext=yes
lt_cv_ar_at_file=@
lt_cv_archive_cmds_need_lc=no
lt_cv_deplibs_check_method=pass_all
lt_cv_file_magic_cmd='$MAGIC_CMD'
lt_cv_file_magic_test_file=
lt_cv_ld_reload_flag=-r
lt_cv_nm_interface='BSD nm'
lt_cv_objdir=.libs
lt_cv_path_LD=/usr/bin/ld
lt_cv_path_NM='/usr/bin/nm -B'
lt_cv_path_mainfest_tool=no
lt_cv_prog_compiler_c_o=yes
lt_cv_prog_compiler_pic='-fPIC -DPIC'
lt_cv_prog_compiler_pic_works=yes
lt_cv_prog_compiler_rtti_exceptions=no
lt_cv_prog_compiler_static_works=no
lt_cv_prog_gnu_ld=yes
lt_cv_sharedlib_from_linklib_cmd='printf %s\n'
lt_cv_shlibpath_overrides_runpath=no
lt_cv_sys_global_symbol_pipe='sed -n -e '\''s/^.*[	 ]\([ABCDGIRSTW][ABCDGIRSTW]*\)[	 ][	 ]*\([_A-Za-z][_A-Za-z0-9]*\)$/\1 \2 \2/p'\'' | sed '\''/ __gnu_lto/d'\'''
lt_cv_sys_global_symbol_to_c_name_address='sed -n -e '\''s/^: \([^ ]*\)[ ]*$/  {\"\1\", (void *) 0},/p'\'' -e '\''s/^[ABCDGIRSTW]* \([^ ]*\) \([^ ]*\)$/  {"\2", (void *) \&\2},/p'\'''
lt_cv_sys_global_symbol_to_c_name_address_lib_prefix='sed -n -e '\''s/^: \([^ ]*\)[ ]*$/  {\"\1\", (void *) 0},/p'\'' -e '\''s/^[ABCDGIRSTW]* \([^ ]*\) \(lib[^ ]*\)$/  {"\2", (void *) \&\2},/p'\'' -e '\''s/^[ABCDGIRSTW]* \([^ ]*\) \([^ ]*\)$/  {"lib\2", (void *) \&\2},/p'\'''
lt_cv_sys_global_symbol_to_cdecl='sed -n -e '\''s/^T .* \(.*\)$/extern int \1();/p'\'' -e '\''s/^[ABCDGIRSTW]* .* \(.*\)$/extern char \1;/p'\'''
lt_cv_sys_max_cmd_len=1572864
lt_cv_to_host_file_cmd=func_convert_file_noop
lt_cv_to_tool_file_cmd=func_convert_file_noop
pkg_cv_WDL_CFLAGS='-pthread -I/usr/include/gtk-3.0 -I/usr/include/at-spi2-atk/2.0 -I/usr/include/gtk-3.0 -I/usr/include/gio-unix-2.0/ -I/usr/include/cairo -I/usr/include/pango-1.0 -I/usr/include/harfbuzz -I/usr/include/pango-1.0 -I/usr/include/atk-1.0 -I/usr/include/cairo -I/usr/include/pixman-1 -I/usr/include/freetype2 -I/usr/include/libdrm -I/usr/include/libpng16 -I/usr/include/gdk-pixbuf-2.0 -I/usr/include/libpng16 -I/usr/include/glib-2.0 -I/usr/lib64/glib-2.0/include '
pkg_cv_WDL_LIBS='-L/usr/lib64 -lz -levent -lcrypto -lcurl -lgtk-3 -lgdk-3 -lpangocairo-1.0 -lpango-1.0 -latk-1.0 -lcairo-gobject -lcairo -lgdk_pixbuf-2.0 -lgio-2.0 -lgobject-2.0 -lglib-2.0 '

## ----------------- ##
## Output variables. ##
## ----------------- ##

ACLOCAL='${SHELL} /home/wiky/Documents/CODE/wdl/missing aclocal-1.13'
ALL_LINGUAS=''
AMDEPBACKSLASH='\'
AMDEP_FALSE='#'
AMDEP_TRUE=''
AMTAR='$${TAR-tar}'
AM_BACKSLASH='\'
AM_DEFAULT_V='$(AM_DEFAULT_VERBOSITY)'
AM_DEFAULT_VERBOSITY='0'
AM_V='$(V)'
AR='ar'
AUTOCONF='${SHELL} /home/wiky/Documents/CODE/wdl/missing autoconf'
AUTOHEADER='${SHELL} /home/wiky/Documents/CODE/wdl/missing autoheader'
AUTOMAKE='${SHELL} /home/wiky/Documents/CODE/wdl/missing automake-1.13'
AWK='gawk'
CATALOGS=''
CATOBJEXT='.gmo'
CC='gcc'
CCDEPMODE='depmode=gcc3'
CFLAGS='-g -O0'
CPP='gcc -E'
CPPFLAGS=''
CYGPATH_W='echo'
DATADIRNAME='share'
DEFS='-DHAVE_CONFIG_H'
DEPDIR='.deps'
DLLTOOL='false'
DSYMUTIL=''
DUMPBIN=''
ECHO_C=''
ECHO_N='-n'
ECHO_T=''
EGREP='/usr/bin/grep -E'
EXEEXT=''
FGREP='/usr/bin/grep -F'
GETTEXT_PACKAGE='wdl'
GMOFILES=''
GMSGFMT='/usr/bin/msgfmt'
GREP='/usr/bin/grep'
INSTALL_DATA='${INSTALL} -m 644'
INSTALL_PROGRAM='${INSTALL}'
INSTALL_SCRIPT='${INSTALL}'
INSTALL_STRIP_PROGRAM='$(install_sh) -c -s'
INSTOBJEXT='.mo'
INTLLIBS=''
INTLTOOL_CAVES_RULE='%.caves:     %.caves.in     $(INTLTOOL_MERGE) $(wildcard $(top_srcdir)/po/*.po) ; $(INTLTOOL_V_MERGE)LC_ALL=C $(INTLTOOL_MERGE) $(INTLTOOL_V_MERGE_OPTIONS) -d -u -c $(top_builddir)/po/.intltool-merge-cache $(top_srcdir)/po $< $@'
INTLTOOL_DESKTOP_RULE='%.desktop:   %.desktop.in   $(INTLTOOL_MERGE) $(wildcard $(top_srcdir)/po/*.po) ; $(INTLTOOL_V_MERGE)LC_ALL=C $(INTLTOOL_MERGE) $(INTLTOOL_V_MERGE_OPTIONS) -d -u -c $(top_builddir)/po/.intltool-merge-cache $(top_srcdir)/po $< $@'
INTLTOOL_DIRECTORY_RULE='%.directory: %.directory.in $(INTLTOOL_MERGE) $(wildcard $(top_srcdir)/po/*.po) ; $(INTLTOOL_V_MERGE)LC_ALL=C $(INTLTOOL_MERGE) $(INTLTOOL_V_MERGE_OPTIONS) -d -u -c $(top_builddir)/po/.intltool-merge-cache $(top_srcdir)/po $< $@'
INTLTOOL_EXTRACT='/usr/bin/intltool-extract'
INTLTOOL_KBD_RULE='%.kbd:       %.kbd.in       $(INTLTOOL_MERGE) $(wildcard $(top_srcdir)/po/*.po) ; $(INTLTOOL_V_MERGE)LC_ALL=C $(INTLTOOL_MERGE) $(INTLTOOL_V_MERGE_OPTIONS) -x -u -m -c $(top_builddir)/po/.intltool-merge-cache $(top_srcdir)/po $< $@'
INTLTOOL_KEYS_RULE='%.keys:      %.keys.in      $(INTLTOOL_MERGE) $(wildcard $(top_srcdir)/po/*.po) ; $(INTLTOOL_V_MERGE)LC_ALL=C $(INTLTOOL_MERGE) $(INTLTOOL_V_MERGE_OPTIONS) -k -u -c $(top_builddir)/po/.intltool-merge-cache $(top_srcdir)/po $< $@'
INTLTOOL_MERGE='/usr/bin/intltool-merge'
INTLTOOL_OAF_RULE='%.oaf:       %.oaf.in       $(INTLTOOL_MERGE) $(wildcard $(top_srcdir)/po/*.po) ; $(INTLTOOL_V_MERGE)LC_ALL=C $(INTLTOOL_MERGE) $(INTLTOOL_V_MERGE_OPTIONS) -o -p $(top_srcdir)/po $< $@'
INTLTOOL_PERL='/usr/bin/perl'
INTLTOOL_POLICY_RULE='%.policy:    %.policy.in    $(INTLTOOL_MERGE) $(wildcard $(top_srcdir)/po/*.po) ; $(INTLTOOL_V_MERGE)LC_ALL=C $(INTLTOOL_MERGE) $(INTLTOOL_V_MERGE_OPTIONS) -x -u -c $(top_builddir)/po/.intltool-merge-cache $(top_srcdir)/po $< $@'
INTLTOOL_PONG_RULE='%.pong:      %.pong.in      $(INTLTOOL_MERGE) $(wildcard $(top_srcdir)/po/*.po) ; $(INTLTOOL_V_MERGE)LC_ALL=C $(INTLTOOL_MERGE) $(INTLTOOL_V_MERGE_OPTIONS) -x -u -c $(top_builddir)/po/.intltool-merge-cache $(top_srcdir)/po $< $@'
INTLTOOL_PROP_RULE='%.prop:      %.prop.in      $(INTLTOOL_MERGE) $(wildcard $(top_srcdir)/po/*.po) ; $(INTLTOOL_V_MERGE)LC_ALL=C $(INTLTOOL_MERGE) $(INTLTOOL_V_MERGE_OPTIONS) -d -u -c $(top_builddir)/po/.intltool-merge-cache $(top_srcdir)/po $< $@'
INTLTOOL_SCHEMAS_RULE='%.schemas:   %.schemas.in   $(INTLTOOL_MERGE) $(wildcard $(top_srcdir)/po/*.po) ; $(INTLTOOL_V_MERGE)LC_ALL=C $(INTLTOOL_MERGE) $(INTLTOOL_V_MERGE_OPTIONS) -s -u -c $(top_builddir)/po/.intltool-merge-cache $(top_srcdir)/po $< $@'
INTLTOOL_SERVER_RULE='%.server:    %.server.in    $(INTLTOOL_MERGE) $(wildcard $(top_srcdir)/po/*.po) ; $(INTLTOOL_V_MERGE)LC_ALL=C $(INTLTOOL_MERGE) $(INTLTOOL_V_MERGE_OPTIONS) -o -u -c $(top_builddir)/po/.intltool-merge-cache $(top_srcdir)/po $< $@'
INTLTOOL_SERVICE_RULE='%.service: %.service.in   $(INTLTOOL_MERGE) $(wildcard $(top_srcdir)/po/*.po) ; $(INTLTOOL_V_MERGE)LC_ALL=C $(INTLTOOL_MERGE) $(INTLTOOL_V_MERGE_OPTIONS) -d -u -c $(top_builddir)/po/.intltool-merge-cache $(top_srcdir)/po $< $@'
INTLTOOL_SHEET_RULE='%.sheet:     %.sheet.in     $(INTLTOOL_MERGE) $(wildcard $(top_srcdir)/po/*.po) ; $(INTLTOOL_V_MERGE)LC_ALL=C $(INTLTOOL_MERGE) $(INTLTOOL_V_MERGE_OPTIONS) -x -u -c $(top_builddir)/po/.intltool-merge-cache $(top_srcdir)/po $< $@'
INTLTOOL_SOUNDLIST_RULE='%.soundlist: %.soundlist.in $(INTLTOOL_MERGE) $(wildcard $(top_srcdir)/po/*.po) ; $(INTLTOOL_V_MERGE)LC_ALL=C $(INTLTOOL_MERGE) $(INTLTOOL_V_MERGE_OPTIONS) -d -u -c $(top_builddir)/po/.intltool-merge-cache $(top_srcdir)/po $< $@'
INTLTOOL_THEME_RULE='%.theme:     %.theme.in     $(INTLTOOL_MERGE) $(wildcard $(top_srcdir)/po/*.po) ; $(INTLTOOL_V_MERGE)LC_ALL=C $(INTLTOOL_MERGE) $(INTLTOOL_V_MERGE_OPTIONS) -d -u -c $(top_builddir)/po/.intltool-merge-cache $(top_srcdir)/po $< $@'
INTLTOOL_UI_RULE='%.ui:        %.ui.in        $(INTLTOOL_MERGE) $(wildcard $(top_srcdir)/po/*.po) ; $(INTLTOOL_V_MERGE)LC_ALL=C $(INTLTOOL_MERGE) $(INTLTOOL_V_MERGE_OPTIONS) -x -u -c $(top_builddir)/po/.intltool-merge-cache $(top_srcdir)/po $< $@'
INTLTOOL_UPDATE='/usr/bin/intltool-update'
INTLTOOL_V_MERGE='$(INTLTOOL__v_MERGE_$(V))'
INTLTOOL_V_MERGE_OPTIONS='$(intltool__v_merge_options_$(V))'
INTLTOOL_XAM_RULE='%.xam:       %.xml.in       $(INTLTOOL_MERGE) $(wildcard $(top_srcdir)/po/*.po) ; $(INTLTOOL_V_MERGE)LC_ALL=C $(INTLTOOL_MERGE) $(INTLTOOL_V_MERGE_OPTIONS) -x -u -c $(top_builddir)/po/.intltool-merge-cache $(top_srcdir)/po $< $@'
INTLTOOL_XML_NOMERGE_RULE='%.xml:       %.xml.in       $(INTLTOOL_MERGE) ; $(INTLTOOL_V_MERGE)LC_ALL=C $(INTLTOOL_MERGE) $(INTLTOOL_V_MERGE_OPTIONS) -x -u --no-translations $< $@'
INTLTOOL_XML_RULE='%.xml:       %.xml.in       $(INTLTOOL_MERGE) $(wildcard $(top_srcdir)/po/*.po) ; $(INTLTOOL_V_MERGE)LC_ALL=C $(INTLTOOL_MERGE) $(INTLTOOL_V_MERGE_OPTIONS) -x -u -c $(top_builddir)/po/.intltool-merge-cache $(top_srcdir)/po $< $@'
INTLTOOL__v_MERGE_0='@echo "  ITMRG " $@;'
INTLTOOL__v_MERGE_='$(INTLTOOL__v_MERGE_$(AM_DEFAULT_VERBOSITY))'
LD='/usr/bin/ld -m elf_x86_64'
LDFLAGS=''
LIBOBJS=''
LIBS=''
LIBTOOL='$(SHELL) $(top_builddir)/libtool'
LIPO=''
LN_S='ln -s'
LTLIBOBJS=''
MAKEINFO='${SHELL} /home/wiky/Documents/CODE/wdl/missing makeinfo'
MANIFEST_TOOL=':'
MKDIR_P='/usr/bin/mkdir -p'
MKINSTALLDIRS='/home/wiky/Documents/CODE/wdl/mkinstalldirs'
MSGFMT='/usr/bin/msgfmt'
MSGFMT_OPTS='-c'
MSGMERGE='/usr/bin/msgmerge'
NM='/usr/bin/nm -B'
NMEDIT=''
OBJDUMP='objdump'
OBJEXT='o'
OTOOL64=''
OTOOL=''
PACKAGE='wdl'
PACKAGE_BUGREPORT=''
PACKAGE_NAME='wdl'
PACKAGE_STRING='wdl 0.2'
PACKAGE_TARNAME='wdl'
PACKAGE_URL=''
PACKAGE_VERSION='0.2'
PATH_SEPARATOR=':'
PKG_CONFIG='/usr/bin/pkg-config'
PKG_CONFIG_LIBDIR=''
PKG_CONFIG_PATH=''
POFILES=''
POSUB='po'
PO_IN_DATADIR_FALSE=''
PO_IN_DATADIR_TRUE=''
RANLIB='ranlib'
SED='/usr/bin/sed'
SET_MAKE=''
SHELL='/bin/sh'
STRIP='strip'
USE_NLS='yes'
VERSION='0.2'
WDL_CFLAGS='-pthread -I/usr/include/gtk-3.0 -I/usr/include/at-spi2-atk/2.0 -I/usr/include/gtk-3.0 -I/usr/include/gio-unix-2.0/ -I/usr/include/cairo -I/usr/include/pango-1.0 -I/usr/include/harfbuzz -I/usr/include/pango-1.0 -I/usr/include/atk-1.0 -I/usr/include/cairo -I/usr/include/pixman-1 -I/usr/include/freetype2 -I/usr/include/libdrm -I/usr/include/libpng16 -I/usr/include/gdk-pixbuf-2.0 -I/usr/include/libpng16 -I/usr/include/glib-2.0 -I/usr/lib64/glib-2.0/include '
WDL_LIBS='-L/usr/lib64 -lz -levent -lcrypto -lcurl -lgtk-3 -lgdk-3 -lpangocairo-1.0 -lpango-1.0 -latk-1.0 -lcairo-gobject -lcairo -lgdk_pixbuf-2.0 -lgio-2.0 -lgobject-2.0 -lglib-2.0 '
XGETTEXT='/usr/bin/xgettext'
ac_ct_AR='ar'
ac_ct_CC='gcc'
ac_ct_DUMPBIN=''
am__EXEEXT_FALSE=''
am__EXEEXT_TRUE='#'
am__fastdepCC_FALSE='#'
am__fastdepCC_TRUE=''
am__include='include'
am__isrc=' -I$(srcdir)'
am__leading_dot='.'
am__nodep='_no'
am__quote=''
am__tar='$${TAR-tar} chof - "$$tardir"'
am__untar='$${TAR-tar} xf -'
bindir='${exec_prefix}/bin'
build='x86_64-unknown-linux-gnu'
build_alias=''
build_cpu='x86_64'
build_os='linux-gnu'
build_vendor='unknown'
datadir='${datarootdir}'
datarootdir='${prefix}/share'
docdir='${datarootdir}/doc/${PACKAGE_TARNAME}'
dvidir='${docdir}'
exec_prefix='${prefix}'
host='x86_64-unknown-linux-gnu'
host_alias=''
host_cpu='x86_64'
host_os='linux-gnu'
host_vendor='unknown'
htmldir='${docdir}'
includedir='${prefix}/include'
infodir='${datarootdir}/info'
install_sh='${SHELL} /home/wiky/Documents/CODE/wdl/install-sh'
intltool__v_merge_options_0='-q'
intltool__v_merge_options_='$(intltool__v_merge_options_$(AM_DEFAULT_VERBOSITY))'
libdir='${exec_prefix}/lib'
libexecdir='${exec_prefix}/libexec'
localedir='${datarootdir}/locale'
localstatedir='${prefix}/var'
mandir='${datarootdir}/man'
mkdir_p='$(MKDIR_P)'
oldincludedir='/usr/include'
pdfdir='${docdir}'
prefix='/usr/local'
program_transform_name='s,x,x,'
psdir='${docdir}'
sbindir='${exec_prefix}/sbin'
sharedstatedir='${prefix}/com'
sysconfdir='${prefix}/etc'
target_alias=''

## ----------- ##
## confdefs.h. ##
## ----------- ##

/* confdefs.h */
#define PACKAGE_NAME "wdl"
#define PACKAGE_TARNAME "wdl"
#define PACKAGE_VERSION "0.2"
#define PACKAGE_STRING "wdl 0.2"
#define PACKAGE_BUGREPORT ""
#define PACKAGE_URL ""
#define PACKAGE "wdl"
#define VERSION "0.2"
#define GETTEXT_PACKAGE "wdl"
#define STDC_HEADERS 1
#define HAVE_SYS_TYPES_H 1
#define HAVE_SYS_STAT_H 1
#define HAVE_STDLIB_H 1
#define HAVE_STRING_H 1
#define HAVE_MEMORY_H 1
#define HAVE_STRINGS_H 1
#define HAVE_INTTYPES_H 1
#define HAVE_STDINT_H 1
#define HAVE_UNISTD_H 1
#define HAVE_LOCALE_H 1
#define HAVE_LC_MESSAGES 1
#define HAVE_BIND_TEXTDOMAIN_CODESET 1
#define HAVE_GETTEXT 1
#define HAVE_DCGETTEXT 1
#define ENABLE_NLS 1
#define HAVE_DLFCN_H 1
#define LT_OBJDIR ".libs/"

configure: exit 0

## ---------------------- ##
## Running config.status. ##
## ---------------------- ##

This file was extended by wdl config.status 0.2, which was
generated by GNU Autoconf 2.69.  Invocation command line was

  CONFIG_FILES    = 
  CONFIG_HEADERS  = 
  CONFIG_LINKS    = 
  CONFIG_COMMANDS = 
  $ ./config.status config.h

on thunder

config.status:1170: creating config.h
config.status:1336: config.h is unchanged
